running egg_info
creating ../build/chatbot_launcher/chatbot_launcher.egg-info
writing ../build/chatbot_launcher/chatbot_launcher.egg-info/PKG-INFO
writing dependency_links to ../build/chatbot_launcher/chatbot_launcher.egg-info/dependency_links.txt
writing entry points to ../build/chatbot_launcher/chatbot_launcher.egg-info/entry_points.txt
writing requirements to ../build/chatbot_launcher/chatbot_launcher.egg-info/requires.txt
writing top-level names to ../build/chatbot_launcher/chatbot_launcher.egg-info/top_level.txt
writing manifest file '../build/chatbot_launcher/chatbot_launcher.egg-info/SOURCES.txt'
reading manifest file '../build/chatbot_launcher/chatbot_launcher.egg-info/SOURCES.txt'
writing manifest file '../build/chatbot_launcher/chatbot_launcher.egg-info/SOURCES.txt'
running build
running build_py
creating /home/jacksonaguiar/ponderada3/build/chatbot_launcher/build
creating /home/jacksonaguiar/ponderada3/build/chatbot_launcher/build/lib
creating /home/jacksonaguiar/ponderada3/build/chatbot_launcher/build/lib/chatbot_launcher
copying chatbot_launcher/__init__.py -> /home/jacksonaguiar/ponderada3/build/chatbot_launcher/build/lib/chatbot_launcher
running install
running install_lib
creating /home/jacksonaguiar/ponderada3/install/chatbot_launcher/lib/python3.10/site-packages/chatbot_launcher
copying /home/jacksonaguiar/ponderada3/build/chatbot_launcher/build/lib/chatbot_launcher/__init__.py -> /home/jacksonaguiar/ponderada3/install/chatbot_launcher/lib/python3.10/site-packages/chatbot_launcher
byte-compiling /home/jacksonaguiar/ponderada3/install/chatbot_launcher/lib/python3.10/site-packages/chatbot_launcher/__init__.py to __init__.cpython-310.pyc
running install_data
creating /home/jacksonaguiar/ponderada3/install/chatbot_launcher/share
creating /home/jacksonaguiar/ponderada3/install/chatbot_launcher/share/ament_index
creating /home/jacksonaguiar/ponderada3/install/chatbot_launcher/share/ament_index/resource_index
creating /home/jacksonaguiar/ponderada3/install/chatbot_launcher/share/ament_index/resource_index/packages
copying resource/chatbot_launcher -> /home/jacksonaguiar/ponderada3/install/chatbot_launcher/share/ament_index/resource_index/packages
creating /home/jacksonaguiar/ponderada3/install/chatbot_launcher/share/chatbot_launcher
copying package.xml -> /home/jacksonaguiar/ponderada3/install/chatbot_launcher/share/chatbot_launcher
running install_egg_info
Copying ../build/chatbot_launcher/chatbot_launcher.egg-info to /home/jacksonaguiar/ponderada3/install/chatbot_launcher/lib/python3.10/site-packages/chatbot_launcher-0.0.0-py3.10.egg-info
running install_scripts
writing list of installed files to '/home/jacksonaguiar/ponderada3/build/chatbot_launcher/install.log'
