[1.130s] DEBUG:colcon:Command line arguments: ['/usr/bin/colcon', 'build']
[1.131s] DEBUG:colcon:Parsed command line arguments: Namespace(log_base=None, log_level=None, verb_name='build', build_base='build', install_base='install', merge_install=False, symlink_install=False, test_result_base=None, continue_on_error=False, executor='parallel', parallel_workers=8, event_handlers=None, ignore_user_meta=False, metas=['./colcon.meta'], base_paths=['.'], packages_ignore=None, packages_ignore_regex=None, paths=None, packages_up_to=None, packages_up_to_regex=None, packages_above=None, packages_above_and_dependencies=None, packages_above_depth=None, packages_select_by_dep=None, packages_skip_by_dep=None, packages_skip_up_to=None, packages_select_build_failed=False, packages_skip_build_finished=False, packages_select_test_failures=False, packages_skip_test_passed=False, packages_select=None, packages_skip=None, packages_select_regex=None, packages_skip_regex=None, packages_start=None, packages_end=None, allow_overriding=[], cmake_args=None, cmake_target=None, cmake_target_skip_unavailable=False, cmake_clean_cache=False, cmake_clean_first=False, cmake_force_configure=False, ament_cmake_args=None, catkin_cmake_args=None, catkin_skip_building_tests=False, verb_parser=<colcon_defaults.argument_parser.defaults.DefaultArgumentsDecorator object at 0x7f9c8ccb2830>, verb_extension=<colcon_core.verb.build.BuildVerb object at 0x7f9c8ccb22c0>, main=<bound method BuildVerb.main of <colcon_core.verb.build.BuildVerb object at 0x7f9c8ccb22c0>>)
[1.156s] Level 1:colcon.colcon_core.package_discovery:discover_packages(colcon_meta) check parameters
[1.156s] Level 1:colcon.colcon_core.package_discovery:discover_packages(recursive) check parameters
[1.156s] Level 1:colcon.colcon_core.package_discovery:discover_packages(ignore) check parameters
[1.156s] Level 1:colcon.colcon_core.package_discovery:discover_packages(path) check parameters
[1.156s] Level 1:colcon.colcon_core.package_discovery:discover_packages(colcon_meta) discover
[1.156s] Level 1:colcon.colcon_core.package_discovery:discover_packages(recursive) discover
[1.156s] INFO:colcon.colcon_core.package_discovery:Crawling recursively for packages in '/home/jacksonaguiar/ponderada3'
[1.156s] Level 1:colcon.colcon_core.package_identification:_identify(.) by extensions ['ignore', 'ignore_ament_install']
[1.156s] Level 1:colcon.colcon_core.package_identification:_identify(.) by extension 'ignore'
[1.156s] Level 1:colcon.colcon_core.package_identification:_identify(.) by extension 'ignore_ament_install'
[1.156s] Level 1:colcon.colcon_core.package_identification:_identify(.) by extensions ['colcon_pkg']
[1.156s] Level 1:colcon.colcon_core.package_identification:_identify(.) by extension 'colcon_pkg'
[1.156s] Level 1:colcon.colcon_core.package_identification:_identify(.) by extensions ['colcon_meta']
[1.156s] Level 1:colcon.colcon_core.package_identification:_identify(.) by extension 'colcon_meta'
[1.157s] Level 1:colcon.colcon_core.package_identification:_identify(.) by extensions ['ros']
[1.157s] Level 1:colcon.colcon_core.package_identification:_identify(.) by extension 'ros'
[1.167s] Level 1:colcon.colcon_core.package_identification:_identify(.) by extensions ['cmake', 'python']
[1.167s] Level 1:colcon.colcon_core.package_identification:_identify(.) by extension 'cmake'
[1.167s] Level 1:colcon.colcon_core.package_identification:_identify(.) by extension 'python'
[1.167s] Level 1:colcon.colcon_core.package_identification:_identify(.) by extensions ['python_setup_py']
[1.167s] Level 1:colcon.colcon_core.package_identification:_identify(.) by extension 'python_setup_py'
[1.168s] Level 1:colcon.colcon_core.package_identification:_identify(build) by extensions ['ignore', 'ignore_ament_install']
[1.168s] Level 1:colcon.colcon_core.package_identification:_identify(build) by extension 'ignore'
[1.168s] Level 1:colcon.colcon_core.package_identification:_identify(build) ignored
[1.168s] Level 1:colcon.colcon_core.package_identification:_identify(install) by extensions ['ignore', 'ignore_ament_install']
[1.168s] Level 1:colcon.colcon_core.package_identification:_identify(install) by extension 'ignore'
[1.168s] Level 1:colcon.colcon_core.package_identification:_identify(install) ignored
[1.168s] Level 1:colcon.colcon_core.package_identification:_identify(log) by extensions ['ignore', 'ignore_ament_install']
[1.168s] Level 1:colcon.colcon_core.package_identification:_identify(log) by extension 'ignore'
[1.168s] Level 1:colcon.colcon_core.package_identification:_identify(log) ignored
[1.168s] Level 1:colcon.colcon_core.package_identification:_identify(src) by extensions ['ignore', 'ignore_ament_install']
[1.168s] Level 1:colcon.colcon_core.package_identification:_identify(src) by extension 'ignore'
[1.168s] Level 1:colcon.colcon_core.package_identification:_identify(src) by extension 'ignore_ament_install'
[1.168s] Level 1:colcon.colcon_core.package_identification:_identify(src) by extensions ['colcon_pkg']
[1.168s] Level 1:colcon.colcon_core.package_identification:_identify(src) by extension 'colcon_pkg'
[1.168s] Level 1:colcon.colcon_core.package_identification:_identify(src) by extensions ['colcon_meta']
[1.168s] Level 1:colcon.colcon_core.package_identification:_identify(src) by extension 'colcon_meta'
[1.168s] Level 1:colcon.colcon_core.package_identification:_identify(src) by extensions ['ros']
[1.168s] Level 1:colcon.colcon_core.package_identification:_identify(src) by extension 'ros'
[1.169s] Level 1:colcon.colcon_core.package_identification:_identify(src) by extensions ['cmake', 'python']
[1.169s] Level 1:colcon.colcon_core.package_identification:_identify(src) by extension 'cmake'
[1.169s] Level 1:colcon.colcon_core.package_identification:_identify(src) by extension 'python'
[1.169s] Level 1:colcon.colcon_core.package_identification:_identify(src) by extensions ['python_setup_py']
[1.169s] Level 1:colcon.colcon_core.package_identification:_identify(src) by extension 'python_setup_py'
[1.169s] Level 1:colcon.colcon_core.package_identification:_identify(src/chatbot_launcher) by extensions ['ignore', 'ignore_ament_install']
[1.169s] Level 1:colcon.colcon_core.package_identification:_identify(src/chatbot_launcher) by extension 'ignore'
[1.169s] Level 1:colcon.colcon_core.package_identification:_identify(src/chatbot_launcher) by extension 'ignore_ament_install'
[1.169s] Level 1:colcon.colcon_core.package_identification:_identify(src/chatbot_launcher) by extensions ['colcon_pkg']
[1.169s] Level 1:colcon.colcon_core.package_identification:_identify(src/chatbot_launcher) by extension 'colcon_pkg'
[1.169s] Level 1:colcon.colcon_core.package_identification:_identify(src/chatbot_launcher) by extensions ['colcon_meta']
[1.169s] Level 1:colcon.colcon_core.package_identification:_identify(src/chatbot_launcher) by extension 'colcon_meta'
[1.169s] Level 1:colcon.colcon_core.package_identification:_identify(src/chatbot_launcher) by extensions ['ros']
[1.169s] Level 1:colcon.colcon_core.package_identification:_identify(src/chatbot_launcher) by extension 'ros'
[1.172s] DEBUG:colcon.colcon_core.package_identification:Found ROS schema reference in package manifest in 'src/chatbot_launcher'
[1.172s] WARNING:colcon.colcon_core.package_identification:Failed to parse ROS package manifest in 'src/chatbot_launcher': Error(s) in package 'src/chatbot_launcher/package.xml':
Invalid email "jacksonwsaguiar" for person "jacksonaguiar"
[1.172s] Level 1:colcon.colcon_core.package_identification:_identify(src/chatbot_launcher) by extensions ['cmake', 'python']
[1.172s] Level 1:colcon.colcon_core.package_identification:_identify(src/chatbot_launcher) by extension 'cmake'
[1.172s] Level 1:colcon.colcon_core.package_identification:_identify(src/chatbot_launcher) by extension 'python'
[1.172s] DEBUG:colcon.colcon_core.package_identification:Python package in 'src/chatbot_launcher' passes arguments to the setup() function which requires a different identification extension than 'python'
[1.172s] Level 1:colcon.colcon_core.package_identification:_identify(src/chatbot_launcher) by extensions ['python_setup_py']
[1.172s] Level 1:colcon.colcon_core.package_identification:_identify(src/chatbot_launcher) by extension 'python_setup_py'
[1.418s] DEBUG:colcon.colcon_core.package_identification:Package 'src/chatbot_launcher' with type 'python' and name 'chatbot_launcher'
[1.418s] Level 1:colcon.colcon_core.package_discovery:discover_packages(recursive) using defaults
[1.418s] Level 1:colcon.colcon_core.package_discovery:discover_packages(ignore) discover
[1.418s] Level 1:colcon.colcon_core.package_discovery:discover_packages(ignore) using defaults
[1.418s] Level 1:colcon.colcon_core.package_discovery:discover_packages(path) discover
[1.418s] Level 1:colcon.colcon_core.package_discovery:discover_packages(path) using defaults
[1.452s] Level 1:colcon.colcon_core.package_discovery:discover_packages(prefix_path) check parameters
[1.452s] Level 1:colcon.colcon_core.package_discovery:discover_packages(prefix_path) discover
[1.455s] DEBUG:colcon.colcon_installed_package_information.package_discovery:Found 3 installed packages in /home/jacksonaguiar/turtlebot3_ws/install
[1.456s] DEBUG:colcon.colcon_installed_package_information.package_discovery:Found 1 installed packages in /home/jacksonaguiar/ponderada2/install
[1.457s] DEBUG:colcon.colcon_installed_package_information.package_discovery:Found 1 installed packages in /home/jacksonaguiar/Questoes-Trabalhos-Inteli-M6/ponderada4/workspace/install
[1.458s] DEBUG:colcon.colcon_installed_package_information.package_discovery:Found 1 installed packages in /home/jacksonaguiar/Questoes-Trabalhos-Inteli-M6/ponderada3/workspace/install
[1.459s] DEBUG:colcon.colcon_installed_package_information.package_discovery:Found 1 installed packages in /home/jacksonaguiar/Questoes-Trabalhos-Inteli-M6/ponderada2/workspace/install
[1.461s] DEBUG:colcon.colcon_installed_package_information.package_discovery:Found 376 installed packages in /opt/ros/humble
[1.464s] Level 1:colcon.colcon_core.package_discovery:discover_packages(prefix_path) using defaults
[1.548s] Level 5:colcon.colcon_core.verb:set package 'chatbot_launcher' build argument 'cmake_args' from command line to 'None'
[1.548s] Level 5:colcon.colcon_core.verb:set package 'chatbot_launcher' build argument 'cmake_target' from command line to 'None'
[1.548s] Level 5:colcon.colcon_core.verb:set package 'chatbot_launcher' build argument 'cmake_target_skip_unavailable' from command line to 'False'
[1.548s] Level 5:colcon.colcon_core.verb:set package 'chatbot_launcher' build argument 'cmake_clean_cache' from command line to 'False'
[1.548s] Level 5:colcon.colcon_core.verb:set package 'chatbot_launcher' build argument 'cmake_clean_first' from command line to 'False'
[1.548s] Level 5:colcon.colcon_core.verb:set package 'chatbot_launcher' build argument 'cmake_force_configure' from command line to 'False'
[1.548s] Level 5:colcon.colcon_core.verb:set package 'chatbot_launcher' build argument 'ament_cmake_args' from command line to 'None'
[1.548s] Level 5:colcon.colcon_core.verb:set package 'chatbot_launcher' build argument 'catkin_cmake_args' from command line to 'None'
[1.548s] Level 5:colcon.colcon_core.verb:set package 'chatbot_launcher' build argument 'catkin_skip_building_tests' from command line to 'False'
[1.548s] DEBUG:colcon.colcon_core.verb:Building package 'chatbot_launcher' with the following arguments: {'ament_cmake_args': None, 'build_base': '/home/jacksonaguiar/ponderada3/build/chatbot_launcher', 'catkin_cmake_args': None, 'catkin_skip_building_tests': False, 'cmake_args': None, 'cmake_clean_cache': False, 'cmake_clean_first': False, 'cmake_force_configure': False, 'cmake_target': None, 'cmake_target_skip_unavailable': False, 'install_base': '/home/jacksonaguiar/ponderada3/install/chatbot_launcher', 'merge_install': False, 'path': '/home/jacksonaguiar/ponderada3/src/chatbot_launcher', 'symlink_install': False, 'test_result_base': None}
[1.549s] INFO:colcon.colcon_core.executor:Executing jobs using 'parallel' executor
[1.553s] DEBUG:colcon.colcon_parallel_executor.executor.parallel:run_until_complete
[1.553s] INFO:colcon.colcon_core.task.python.build:Building Python package in '/home/jacksonaguiar/ponderada3/src/chatbot_launcher'
[1.557s] INFO:colcon.colcon_core.plugin_system:Skipping extension 'colcon_core.shell.bat': Not used on non-Windows systems
[1.558s] INFO:colcon.colcon_core.shell:Skip shell extension 'powershell' for command environment: Not usable outside of PowerShell
[1.558s] DEBUG:colcon.colcon_core.shell:Skip shell extension 'dsv' for command environment
[2.148s] DEBUG:colcon.colcon_core.event_handler.log_command:Invoking command in '/home/jacksonaguiar/ponderada3/src/chatbot_launcher': PYTHONPATH=/home/jacksonaguiar/ponderada3/build/chatbot_launcher/prefix_override:/home/jacksonaguiar/ponderada3/install/chatbot_launcher/lib/python3.10/site-packages:${PYTHONPATH} /usr/bin/python3 setup.py egg_info --egg-base ../../build/chatbot_launcher build --build-base /home/jacksonaguiar/ponderada3/build/chatbot_launcher/build install --record /home/jacksonaguiar/ponderada3/build/chatbot_launcher/install.log --single-version-externally-managed
[2.439s] DEBUG:colcon.colcon_core.event_handler.log_command:Invoked command in '/home/jacksonaguiar/ponderada3/src/chatbot_launcher' returned '0': PYTHONPATH=/home/jacksonaguiar/ponderada3/build/chatbot_launcher/prefix_override:/home/jacksonaguiar/ponderada3/install/chatbot_launcher/lib/python3.10/site-packages:${PYTHONPATH} /usr/bin/python3 setup.py egg_info --egg-base ../../build/chatbot_launcher build --build-base /home/jacksonaguiar/ponderada3/build/chatbot_launcher/build install --record /home/jacksonaguiar/ponderada3/build/chatbot_launcher/install.log --single-version-externally-managed
[2.443s] Level 1:colcon.colcon_core.environment:checking '/home/jacksonaguiar/ponderada3/install/chatbot_launcher' for CMake module files
[2.443s] Level 1:colcon.colcon_core.environment:checking '/home/jacksonaguiar/ponderada3/install/chatbot_launcher' for CMake config files
[2.444s] Level 1:colcon.colcon_core.environment:checking '/home/jacksonaguiar/ponderada3/install/chatbot_launcher/lib'
[2.444s] Level 1:colcon.colcon_core.environment:checking '/home/jacksonaguiar/ponderada3/install/chatbot_launcher/bin'
[2.444s] Level 1:colcon.colcon_core.environment:checking '/home/jacksonaguiar/ponderada3/install/chatbot_launcher/lib/pkgconfig/chatbot_launcher.pc'
[2.444s] Level 1:colcon.colcon_core.environment:checking '/home/jacksonaguiar/ponderada3/install/chatbot_launcher/lib/python3.10/site-packages'
[2.444s] Level 1:colcon.colcon_core.shell:create_environment_hook('chatbot_launcher', 'pythonpath')
[2.446s] INFO:colcon.colcon_core.shell:Creating environment hook '/home/jacksonaguiar/ponderada3/install/chatbot_launcher/share/chatbot_launcher/hook/pythonpath.ps1'
[2.446s] INFO:colcon.colcon_core.shell:Creating environment descriptor '/home/jacksonaguiar/ponderada3/install/chatbot_launcher/share/chatbot_launcher/hook/pythonpath.dsv'
[2.447s] INFO:colcon.colcon_core.shell:Creating environment hook '/home/jacksonaguiar/ponderada3/install/chatbot_launcher/share/chatbot_launcher/hook/pythonpath.sh'
[2.447s] Level 1:colcon.colcon_core.environment:checking '/home/jacksonaguiar/ponderada3/install/chatbot_launcher/bin'
[2.448s] Level 1:colcon.colcon_core.environment:create_environment_scripts_only(chatbot_launcher)
[2.449s] INFO:colcon.colcon_core.shell:Creating package script '/home/jacksonaguiar/ponderada3/install/chatbot_launcher/share/chatbot_launcher/package.ps1'
[2.450s] INFO:colcon.colcon_core.shell:Creating package descriptor '/home/jacksonaguiar/ponderada3/install/chatbot_launcher/share/chatbot_launcher/package.dsv'
[2.450s] INFO:colcon.colcon_core.shell:Creating package script '/home/jacksonaguiar/ponderada3/install/chatbot_launcher/share/chatbot_launcher/package.sh'
[2.451s] INFO:colcon.colcon_core.shell:Creating package script '/home/jacksonaguiar/ponderada3/install/chatbot_launcher/share/chatbot_launcher/package.bash'
[2.452s] INFO:colcon.colcon_core.shell:Creating package script '/home/jacksonaguiar/ponderada3/install/chatbot_launcher/share/chatbot_launcher/package.zsh'
[2.452s] Level 1:colcon.colcon_core.environment:create_file_with_runtime_dependencies(/home/jacksonaguiar/ponderada3/install/chatbot_launcher/share/colcon-core/packages/chatbot_launcher)
[2.452s] DEBUG:colcon.colcon_parallel_executor.executor.parallel:closing loop
[2.453s] DEBUG:colcon.colcon_parallel_executor.executor.parallel:loop closed
[2.453s] DEBUG:colcon.colcon_parallel_executor.executor.parallel:run_until_complete finished with '0'
[2.453s] DEBUG:colcon.colcon_core.event_reactor:joining thread
[2.597s] INFO:colcon.colcon_core.plugin_system:Skipping extension 'colcon_notification.desktop_notification.notify_send': Could not find 'notify-send'
[2.597s] INFO:colcon.colcon_core.plugin_system:Skipping extension 'colcon_notification.desktop_notification.terminal_notifier': Not used on non-Darwin systems
[2.598s] INFO:colcon.colcon_core.plugin_system:Skipping extension 'colcon_notification.desktop_notification.win32': Not used on non-Windows systems
[2.598s] INFO:colcon.colcon_notification.desktop_notification:Sending desktop notification using 'notify2'
[2.604s] DEBUG:colcon.colcon_notification.desktop_notification.notify2:Failed to initialize notify2: org.freedesktop.DBus.Error.ServiceUnknown: The name org.freedesktop.Notifications was not provided by any .service files
[2.604s] DEBUG:colcon.colcon_core.event_reactor:joined thread
[2.606s] INFO:colcon.colcon_core.shell:Creating prefix script '/home/jacksonaguiar/ponderada3/install/local_setup.ps1'
[2.607s] INFO:colcon.colcon_core.shell:Creating prefix util module '/home/jacksonaguiar/ponderada3/install/_local_setup_util_ps1.py'
[2.608s] INFO:colcon.colcon_core.shell:Creating prefix chain script '/home/jacksonaguiar/ponderada3/install/setup.ps1'
[2.610s] INFO:colcon.colcon_core.shell:Creating prefix script '/home/jacksonaguiar/ponderada3/install/local_setup.sh'
[2.611s] INFO:colcon.colcon_core.shell:Creating prefix util module '/home/jacksonaguiar/ponderada3/install/_local_setup_util_sh.py'
[2.611s] INFO:colcon.colcon_core.shell:Creating prefix chain script '/home/jacksonaguiar/ponderada3/install/setup.sh'
[2.613s] INFO:colcon.colcon_core.shell:Creating prefix script '/home/jacksonaguiar/ponderada3/install/local_setup.bash'
[2.613s] INFO:colcon.colcon_core.shell:Creating prefix chain script '/home/jacksonaguiar/ponderada3/install/setup.bash'
[2.615s] INFO:colcon.colcon_core.shell:Creating prefix script '/home/jacksonaguiar/ponderada3/install/local_setup.zsh'
[2.615s] INFO:colcon.colcon_core.shell:Creating prefix chain script '/home/jacksonaguiar/ponderada3/install/setup.zsh'
