running egg_info
writing ../../build/chatbot_launcher/chatbot_launcher.egg-info/PKG-INFO
writing dependency_links to ../../build/chatbot_launcher/chatbot_launcher.egg-info/dependency_links.txt
writing entry points to ../../build/chatbot_launcher/chatbot_launcher.egg-info/entry_points.txt
writing requirements to ../../build/chatbot_launcher/chatbot_launcher.egg-info/requires.txt
writing top-level names to ../../build/chatbot_launcher/chatbot_launcher.egg-info/top_level.txt
reading manifest file '../../build/chatbot_launcher/chatbot_launcher.egg-info/SOURCES.txt'
writing manifest file '../../build/chatbot_launcher/chatbot_launcher.egg-info/SOURCES.txt'
running build
running build_py
copying chatbot_launcher/actions.py -> /home/jacksonaguiar/ponderada3/build/chatbot_launcher/build/lib/chatbot_launcher
copying chatbot_launcher/chat.py -> /home/jacksonaguiar/ponderada3/build/chatbot_launcher/build/lib/chatbot_launcher
running install
running install_lib
copying /home/jacksonaguiar/ponderada3/build/chatbot_launcher/build/lib/chatbot_launcher/actions.py -> /home/jacksonaguiar/ponderada3/install/chatbot_launcher/lib/python3.10/site-packages/chatbot_launcher
copying /home/jacksonaguiar/ponderada3/build/chatbot_launcher/build/lib/chatbot_launcher/chat.py -> /home/jacksonaguiar/ponderada3/install/chatbot_launcher/lib/python3.10/site-packages/chatbot_launcher
byte-compiling /home/jacksonaguiar/ponderada3/install/chatbot_launcher/lib/python3.10/site-packages/chatbot_launcher/actions.py to actions.cpython-310.pyc
byte-compiling /home/jacksonaguiar/ponderada3/install/chatbot_launcher/lib/python3.10/site-packages/chatbot_launcher/chat.py to chat.cpython-310.pyc
running install_data
running install_egg_info
removing '/home/jacksonaguiar/ponderada3/install/chatbot_launcher/lib/python3.10/site-packages/chatbot_launcher-0.0.0-py3.10.egg-info' (and everything under it)
Copying ../../build/chatbot_launcher/chatbot_launcher.egg-info to /home/jacksonaguiar/ponderada3/install/chatbot_launcher/lib/python3.10/site-packages/chatbot_launcher-0.0.0-py3.10.egg-info
running install_scripts
writing list of installed files to '/home/jacksonaguiar/ponderada3/build/chatbot_launcher/install.log'
