[0.593s] Invoking command in '/home/jacksonaguiar/ponderada3/src/chatbot_launcher': PYTHONPATH=/home/jacksonaguiar/ponderada3/build/chatbot_launcher/prefix_override:/home/jacksonaguiar/ponderada3/install/chatbot_launcher/lib/python3.10/site-packages:${PYTHONPATH} /usr/bin/python3 setup.py egg_info --egg-base ../../build/chatbot_launcher build --build-base /home/jacksonaguiar/ponderada3/build/chatbot_launcher/build install --record /home/jacksonaguiar/ponderada3/build/chatbot_launcher/install.log --single-version-externally-managed
[0.827s] running egg_info
[0.828s] writing ../../build/chatbot_launcher/chatbot_launcher.egg-info/PKG-INFO
[0.829s] writing dependency_links to ../../build/chatbot_launcher/chatbot_launcher.egg-info/dependency_links.txt
[0.829s] writing entry points to ../../build/chatbot_launcher/chatbot_launcher.egg-info/entry_points.txt
[0.830s] writing requirements to ../../build/chatbot_launcher/chatbot_launcher.egg-info/requires.txt
[0.830s] writing top-level names to ../../build/chatbot_launcher/chatbot_launcher.egg-info/top_level.txt
[0.832s] reading manifest file '../../build/chatbot_launcher/chatbot_launcher.egg-info/SOURCES.txt'
[0.832s] writing manifest file '../../build/chatbot_launcher/chatbot_launcher.egg-info/SOURCES.txt'
[0.832s] running build
[0.833s] running build_py
[0.833s] copying chatbot_launcher/actions.py -> /home/jacksonaguiar/ponderada3/build/chatbot_launcher/build/lib/chatbot_launcher
[0.833s] copying chatbot_launcher/chat.py -> /home/jacksonaguiar/ponderada3/build/chatbot_launcher/build/lib/chatbot_launcher
[0.833s] running install
[0.833s] running install_lib
[0.834s] copying /home/jacksonaguiar/ponderada3/build/chatbot_launcher/build/lib/chatbot_launcher/actions.py -> /home/jacksonaguiar/ponderada3/install/chatbot_launcher/lib/python3.10/site-packages/chatbot_launcher
[0.835s] copying /home/jacksonaguiar/ponderada3/build/chatbot_launcher/build/lib/chatbot_launcher/chat.py -> /home/jacksonaguiar/ponderada3/install/chatbot_launcher/lib/python3.10/site-packages/chatbot_launcher
[0.835s] byte-compiling /home/jacksonaguiar/ponderada3/install/chatbot_launcher/lib/python3.10/site-packages/chatbot_launcher/actions.py to actions.cpython-310.pyc
[0.835s] byte-compiling /home/jacksonaguiar/ponderada3/install/chatbot_launcher/lib/python3.10/site-packages/chatbot_launcher/chat.py to chat.cpython-310.pyc
[0.836s] running install_data
[0.836s] running install_egg_info
[0.838s] removing '/home/jacksonaguiar/ponderada3/install/chatbot_launcher/lib/python3.10/site-packages/chatbot_launcher-0.0.0-py3.10.egg-info' (and everything under it)
[0.838s] Copying ../../build/chatbot_launcher/chatbot_launcher.egg-info to /home/jacksonaguiar/ponderada3/install/chatbot_launcher/lib/python3.10/site-packages/chatbot_launcher-0.0.0-py3.10.egg-info
[0.839s] running install_scripts
[0.860s] writing list of installed files to '/home/jacksonaguiar/ponderada3/build/chatbot_launcher/install.log'
[0.885s] Invoked command in '/home/jacksonaguiar/ponderada3/src/chatbot_launcher' returned '0': PYTHONPATH=/home/jacksonaguiar/ponderada3/build/chatbot_launcher/prefix_override:/home/jacksonaguiar/ponderada3/install/chatbot_launcher/lib/python3.10/site-packages:${PYTHONPATH} /usr/bin/python3 setup.py egg_info --egg-base ../../build/chatbot_launcher build --build-base /home/jacksonaguiar/ponderada3/build/chatbot_launcher/build install --record /home/jacksonaguiar/ponderada3/build/chatbot_launcher/install.log --single-version-externally-managed
