[0.772s] Invoking command in '/home/jacksonaguiar/ponderada3/src/chatbot_launcher': PYTHONPATH=/home/jacksonaguiar/ponderada3/src/chatbot_launcher/build/chatbot_launcher/prefix_override:/home/jacksonaguiar/ponderada3/src/chatbot_launcher/install/chatbot_launcher/lib/python3.10/site-packages:${PYTHONPATH} /usr/bin/python3 setup.py egg_info --egg-base build/chatbot_launcher build --build-base /home/jacksonaguiar/ponderada3/src/chatbot_launcher/build/chatbot_launcher/build install --record /home/jacksonaguiar/ponderada3/src/chatbot_launcher/build/chatbot_launcher/install.log --single-version-externally-managed
[1.003s] running egg_info
[1.003s] creating build/chatbot_launcher/chatbot_launcher.egg-info
[1.003s] writing build/chatbot_launcher/chatbot_launcher.egg-info/PKG-INFO
[1.004s] writing dependency_links to build/chatbot_launcher/chatbot_launcher.egg-info/dependency_links.txt
[1.004s] writing entry points to build/chatbot_launcher/chatbot_launcher.egg-info/entry_points.txt
[1.004s] writing requirements to build/chatbot_launcher/chatbot_launcher.egg-info/requires.txt
[1.005s] writing top-level names to build/chatbot_launcher/chatbot_launcher.egg-info/top_level.txt
[1.005s] writing manifest file 'build/chatbot_launcher/chatbot_launcher.egg-info/SOURCES.txt'
[1.006s] reading manifest file 'build/chatbot_launcher/chatbot_launcher.egg-info/SOURCES.txt'
[1.007s] writing manifest file 'build/chatbot_launcher/chatbot_launcher.egg-info/SOURCES.txt'
[1.007s] running build
[1.007s] running build_py
[1.007s] creating /home/jacksonaguiar/ponderada3/src/chatbot_launcher/build/chatbot_launcher/build
[1.007s] creating /home/jacksonaguiar/ponderada3/src/chatbot_launcher/build/chatbot_launcher/build/lib
[1.008s] creating /home/jacksonaguiar/ponderada3/src/chatbot_launcher/build/chatbot_launcher/build/lib/chatbot_launcher
[1.008s] copying chatbot_launcher/__init__.py -> /home/jacksonaguiar/ponderada3/src/chatbot_launcher/build/chatbot_launcher/build/lib/chatbot_launcher
[1.008s] copying chatbot_launcher/actions.py -> /home/jacksonaguiar/ponderada3/src/chatbot_launcher/build/chatbot_launcher/build/lib/chatbot_launcher
[1.008s] copying chatbot_launcher/chat.py -> /home/jacksonaguiar/ponderada3/src/chatbot_launcher/build/chatbot_launcher/build/lib/chatbot_launcher
[1.009s] running install
[1.009s] running install_lib
[1.010s] creating /home/jacksonaguiar/ponderada3/src/chatbot_launcher/install/chatbot_launcher/lib/python3.10/site-packages/chatbot_launcher
[1.010s] copying /home/jacksonaguiar/ponderada3/src/chatbot_launcher/build/chatbot_launcher/build/lib/chatbot_launcher/__init__.py -> /home/jacksonaguiar/ponderada3/src/chatbot_launcher/install/chatbot_launcher/lib/python3.10/site-packages/chatbot_launcher
[1.010s] copying /home/jacksonaguiar/ponderada3/src/chatbot_launcher/build/chatbot_launcher/build/lib/chatbot_launcher/actions.py -> /home/jacksonaguiar/ponderada3/src/chatbot_launcher/install/chatbot_launcher/lib/python3.10/site-packages/chatbot_launcher
[1.010s] copying /home/jacksonaguiar/ponderada3/src/chatbot_launcher/build/chatbot_launcher/build/lib/chatbot_launcher/chat.py -> /home/jacksonaguiar/ponderada3/src/chatbot_launcher/install/chatbot_launcher/lib/python3.10/site-packages/chatbot_launcher
[1.011s] byte-compiling /home/jacksonaguiar/ponderada3/src/chatbot_launcher/install/chatbot_launcher/lib/python3.10/site-packages/chatbot_launcher/__init__.py to __init__.cpython-310.pyc
[1.011s] byte-compiling /home/jacksonaguiar/ponderada3/src/chatbot_launcher/install/chatbot_launcher/lib/python3.10/site-packages/chatbot_launcher/actions.py to actions.cpython-310.pyc
[1.011s] byte-compiling /home/jacksonaguiar/ponderada3/src/chatbot_launcher/install/chatbot_launcher/lib/python3.10/site-packages/chatbot_launcher/chat.py to chat.cpython-310.pyc
[1.012s] running install_data
[1.012s] creating /home/jacksonaguiar/ponderada3/src/chatbot_launcher/install/chatbot_launcher/share/ament_index
[1.012s] creating /home/jacksonaguiar/ponderada3/src/chatbot_launcher/install/chatbot_launcher/share/ament_index/resource_index
[1.013s] creating /home/jacksonaguiar/ponderada3/src/chatbot_launcher/install/chatbot_launcher/share/ament_index/resource_index/packages
[1.013s] copying resource/chatbot_launcher -> /home/jacksonaguiar/ponderada3/src/chatbot_launcher/install/chatbot_launcher/share/ament_index/resource_index/packages
[1.013s] copying package.xml -> /home/jacksonaguiar/ponderada3/src/chatbot_launcher/install/chatbot_launcher/share/chatbot_launcher
[1.013s] running install_egg_info
[1.014s] Copying build/chatbot_launcher/chatbot_launcher.egg-info to /home/jacksonaguiar/ponderada3/src/chatbot_launcher/install/chatbot_launcher/lib/python3.10/site-packages/chatbot_launcher-0.0.0-py3.10.egg-info
[1.015s] running install_scripts
[1.033s] writing list of installed files to '/home/jacksonaguiar/ponderada3/src/chatbot_launcher/build/chatbot_launcher/install.log'
[1.064s] Invoked command in '/home/jacksonaguiar/ponderada3/src/chatbot_launcher' returned '0': PYTHONPATH=/home/jacksonaguiar/ponderada3/src/chatbot_launcher/build/chatbot_launcher/prefix_override:/home/jacksonaguiar/ponderada3/src/chatbot_launcher/install/chatbot_launcher/lib/python3.10/site-packages:${PYTHONPATH} /usr/bin/python3 setup.py egg_info --egg-base build/chatbot_launcher build --build-base /home/jacksonaguiar/ponderada3/src/chatbot_launcher/build/chatbot_launcher/build install --record /home/jacksonaguiar/ponderada3/src/chatbot_launcher/build/chatbot_launcher/install.log --single-version-externally-managed
